<?xml version="1.0" encoding="UTF-8"?>
<!-- Generated by org.testng.reporters.JUnitReportReporter -->
<testsuite hostname="JAGAN-V" failures="0" tests="1" name="testcases.foreign_players" time="0.017" errors="0" timestamp="07 Jan 2023 09:49:38 GMT" skipped="0">
  <testcase classname="testcases.foreign_players" name="foreign_player" time="0.017"/>
</testsuite> <!-- testcases.foreign_players -->
