<?xml version="1.0" encoding="UTF-8"?>
<!-- Generated by org.testng.reporters.JUnitReportReporter -->
<testsuite hostname="JAGAN-V" failures="0" tests="1" name="testcases.foreign_players" time="2.816" errors="0" timestamp="08 Oct 2022 13:25:44 GMT" skipped="0">
  <testcase classname="testcases.foreign_players" name="foreign_player" time="2.816"/>
</testsuite> <!-- testcases.foreign_players -->
