<?xml version="1.0" encoding="UTF-8"?>
<!-- Generated by org.testng.reporters.JUnitReportReporter -->
<testsuite hostname="JAGAN-V" failures="0" tests="2" name="testcases.rcb_tests" time="0.014" errors="0" timestamp="07 Jan 2023 09:56:49 GMT" skipped="0">
  <testcase classname="testcases.rcb_tests" name="count_of_foreign_player" time="0.010"/>
  <testcase classname="testcases.rcb_tests" name="count_of_wicket_keeper" time="0.004"/>
</testsuite> <!-- testcases.rcb_tests -->
