<?xml version="1.0" encoding="UTF-8"?>
<!-- Generated by org.testng.reporters.JUnitReportReporter -->
<testsuite hostname="JAGAN-V" failures="0" tests="1" name="testcases.wicket_keeper" time="0.465" errors="0" timestamp="08 Oct 2022 13:25:44 GMT" skipped="0">
  <testcase classname="testcases.wicket_keeper" name="foreign_player" time="0.465"/>
</testsuite> <!-- testcases.wicket_keeper -->
